
*** Running vivado
    with args -log design_1_copro_0_0.vds -m64 -product Vivado -mode batch -messageDb vivado.pb -notrace -source design_1_copro_0_0.tcl


ECHO est  desactivado.
ECHO est  desactivado.

****** Vivado v2023.1 (64-bit)
  **** SW Build 3865809 on Sun May  7 15:05:29 MDT 2023
  **** IP Build 3864474 on Sun May  7 20:36:21 MDT 2023
  **** SharedData Build 3865790 on Sun May 07 13:33:03 MDT 2023
    ** Copyright 1986-2022 Xilinx, Inc. All Rights Reserved.
    ** Copyright 2022-2023 Advanced Micro Devices, Inc. All Rights Reserved.

source design_1_copro_0_0.tcl -notrace
INFO: [IP_Flow 19-234] Refreshing IP repositories
INFO: [IP_Flow 19-1700] Loaded user IP repository 'c:/Users/Usuario/Desktop/Uni/Semestre 7/SE/SE-FinalProject/ip_repo/altavoz_1_0'.
INFO: [IP_Flow 19-1700] Loaded user IP repository 'c:/Users/Usuario/Desktop/Uni/Semestre 7/SE/SE-FinalProject/ip_repo/copro_1_0'.
INFO: [IP_Flow 19-1700] Loaded user IP repository 'c:/Users/Usuario/Desktop/Uni/Semestre 7/SE/SE-FinalProject/ip_repo/matrizpuntos_1_0'.
INFO: [IP_Flow 19-1700] Loaded user IP repository 'c:/Users/Usuario/Desktop/Uni/Semestre 7/SE/SE-FinalProject/ip_repo/ledsrgb_1_0'.
INFO: [IP_Flow 19-1700] Loaded user IP repository 'c:/Users/Usuario/Desktop/Uni/Semestre 7/SE/SE-FinalProject/ip_repo/teclado_1_0'.
INFO: [IP_Flow 19-2313] Loaded Vivado IP repository 'C:/Xilinx/Vivado/2023.1/data/ip'.
WARNING: [IP_Flow 19-4995] The host OS only allows 260 characters in a normal path. The IP cache path is more than 80 characters. If you experience issues with IP caching, please consider changing the IP cache to a location with a shorter path. Alternately consider using the OS subst command to map part of the path to a drive letter. 
Current IP cache path is c:/Users/Usuario/Desktop/Uni/Semestre 7/SE/SE-FinalProject/FinalProyect/FinalProyect.cache/ip 
INFO: [IP_Flow 19-6924] IPCACHE: Running cache check for IP inst: design_1_copro_0_0
Command: synth_design -top design_1_copro_0_0 -part xc7a35tcpg236-1 -incremental_mode off -mode out_of_context
Starting synth_design
Attempting to get a license for feature 'Synthesis' and/or device 'xc7a35t'
INFO: [Common 17-349] Got license for feature 'Synthesis' and/or device 'xc7a35t'
INFO: [Device 21-403] Loading part xc7a35tcpg236-1
INFO: [Synth 8-7079] Multithreading enabled for synth_design using a maximum of 2 processes.
INFO: [Synth 8-7078] Launching helper process for spawning children vivado processes
INFO: [Synth 8-7075] Helper process launched with PID 12164
---------------------------------------------------------------------------------
Starting RTL Elaboration : Time (s): cpu = 00:00:11 ; elapsed = 00:00:12 . Memory (MB): peak = 1255.867 ; gain = 409.242
---------------------------------------------------------------------------------
INFO: [Synth 8-638] synthesizing module 'design_1_copro_0_0' [c:/Users/Usuario/Desktop/Uni/Semestre 7/SE/SE-FinalProject/FinalProyect/FinalProyect.gen/sources_1/bd/design_1/ip/design_1_copro_0_0/synth/design_1_copro_0_0.vhd:84]
	Parameter C_S00_AXI_DATA_WIDTH bound to: 32 - type: integer 
	Parameter C_S00_AXI_ADDR_WIDTH bound to: 4 - type: integer 
INFO: [Synth 8-3491] module 'copro_v1_0' declared at 'c:/Users/Usuario/Desktop/Uni/Semestre 7/SE/SE-FinalProject/FinalProyect/FinalProyect.gen/sources_1/bd/design_1/ipshared/b960/hdl/copro_v1_0.vhd:5' bound to instance 'U0' of component 'copro_v1_0' [c:/Users/Usuario/Desktop/Uni/Semestre 7/SE/SE-FinalProject/FinalProyect/FinalProyect.gen/sources_1/bd/design_1/ip/design_1_copro_0_0/synth/design_1_copro_0_0.vhd:152]
INFO: [Synth 8-638] synthesizing module 'copro_v1_0' [c:/Users/Usuario/Desktop/Uni/Semestre 7/SE/SE-FinalProject/FinalProyect/FinalProyect.gen/sources_1/bd/design_1/ipshared/b960/hdl/copro_v1_0.vhd:51]
	Parameter C_S_AXI_DATA_WIDTH bound to: 32 - type: integer 
	Parameter C_S_AXI_ADDR_WIDTH bound to: 4 - type: integer 
INFO: [Synth 8-3491] module 'copro_v1_0_S00_AXI' declared at 'c:/Users/Usuario/Desktop/Uni/Semestre 7/SE/SE-FinalProject/FinalProyect/FinalProyect.gen/sources_1/bd/design_1/ipshared/b960/hdl/copro_v1_0_S00_AXI.vhd:5' bound to instance 'copro_v1_0_S00_AXI_inst' of component 'copro_v1_0_S00_AXI' [c:/Users/Usuario/Desktop/Uni/Semestre 7/SE/SE-FinalProject/FinalProyect/FinalProyect.gen/sources_1/bd/design_1/ipshared/b960/hdl/copro_v1_0.vhd:89]
INFO: [Synth 8-638] synthesizing module 'copro_v1_0_S00_AXI' [c:/Users/Usuario/Desktop/Uni/Semestre 7/SE/SE-FinalProject/FinalProyect/FinalProyect.gen/sources_1/bd/design_1/ipshared/b960/hdl/copro_v1_0_S00_AXI.vhd:88]
INFO: [Synth 8-226] default block is never used [c:/Users/Usuario/Desktop/Uni/Semestre 7/SE/SE-FinalProject/FinalProyect/FinalProyect.gen/sources_1/bd/design_1/ipshared/b960/hdl/copro_v1_0_S00_AXI.vhd:231]
INFO: [Synth 8-226] default block is never used [c:/Users/Usuario/Desktop/Uni/Semestre 7/SE/SE-FinalProject/FinalProyect/FinalProyect.gen/sources_1/bd/design_1/ipshared/b960/hdl/copro_v1_0_S00_AXI.vhd:361]
INFO: [Synth 8-256] done synthesizing module 'copro_v1_0_S00_AXI' (0#1) [c:/Users/Usuario/Desktop/Uni/Semestre 7/SE/SE-FinalProject/FinalProyect/FinalProyect.gen/sources_1/bd/design_1/ipshared/b960/hdl/copro_v1_0_S00_AXI.vhd:88]
INFO: [Synth 8-256] done synthesizing module 'copro_v1_0' (0#1) [c:/Users/Usuario/Desktop/Uni/Semestre 7/SE/SE-FinalProject/FinalProyect/FinalProyect.gen/sources_1/bd/design_1/ipshared/b960/hdl/copro_v1_0.vhd:51]
INFO: [Synth 8-256] done synthesizing module 'design_1_copro_0_0' (0#1) [c:/Users/Usuario/Desktop/Uni/Semestre 7/SE/SE-FinalProject/FinalProyect/FinalProyect.gen/sources_1/bd/design_1/ip/design_1_copro_0_0/synth/design_1_copro_0_0.vhd:84]
WARNING: [Synth 8-7129] Port buttons[3] in module copro_v1_0_S00_AXI is either unconnected or has no load
WARNING: [Synth 8-7129] Port buttons[2] in module copro_v1_0_S00_AXI is either unconnected or has no load
WARNING: [Synth 8-7129] Port buttons[1] in module copro_v1_0_S00_AXI is either unconnected or has no load
WARNING: [Synth 8-7129] Port buttons[0] in module copro_v1_0_S00_AXI is either unconnected or has no load
WARNING: [Synth 8-7129] Port S_AXI_AWPROT[2] in module copro_v1_0_S00_AXI is either unconnected or has no load
WARNING: [Synth 8-7129] Port S_AXI_AWPROT[1] in module copro_v1_0_S00_AXI is either unconnected or has no load
WARNING: [Synth 8-7129] Port S_AXI_AWPROT[0] in module copro_v1_0_S00_AXI is either unconnected or has no load
WARNING: [Synth 8-7129] Port S_AXI_ARPROT[2] in module copro_v1_0_S00_AXI is either unconnected or has no load
WARNING: [Synth 8-7129] Port S_AXI_ARPROT[1] in module copro_v1_0_S00_AXI is either unconnected or has no load
WARNING: [Synth 8-7129] Port S_AXI_ARPROT[0] in module copro_v1_0_S00_AXI is either unconnected or has no load
---------------------------------------------------------------------------------
Finished RTL Elaboration : Time (s): cpu = 00:00:14 ; elapsed = 00:00:16 . Memory (MB): peak = 1353.477 ; gain = 506.852
---------------------------------------------------------------------------------
---------------------------------------------------------------------------------
Start Handling Custom Attributes
---------------------------------------------------------------------------------
---------------------------------------------------------------------------------
Finished Handling Custom Attributes : Time (s): cpu = 00:00:14 ; elapsed = 00:00:16 . Memory (MB): peak = 1353.477 ; gain = 506.852
---------------------------------------------------------------------------------
---------------------------------------------------------------------------------
Finished RTL Optimization Phase 1 : Time (s): cpu = 00:00:14 ; elapsed = 00:00:16 . Memory (MB): peak = 1353.477 ; gain = 506.852
---------------------------------------------------------------------------------
Netlist sorting complete. Time (s): cpu = 00:00:00 ; elapsed = 00:00:00.014 . Memory (MB): peak = 1353.477 ; gain = 0.000
INFO: [Project 1-570] Preparing netlist for logic optimization

Processing XDC Constraints
Initializing timing engine
Completed Processing XDC Constraints

Netlist sorting complete. Time (s): cpu = 00:00:00 ; elapsed = 00:00:00 . Memory (MB): peak = 1418.223 ; gain = 0.000
INFO: [Project 1-111] Unisim Transformation Summary:
No Unisim elements were transformed.

Constraint Validation Runtime : Time (s): cpu = 00:00:00 ; elapsed = 00:00:00.072 . Memory (MB): peak = 1418.320 ; gain = 0.098
INFO: [Designutils 20-5008] Incremental synthesis strategy off
---------------------------------------------------------------------------------
Finished Constraint Validation : Time (s): cpu = 00:00:27 ; elapsed = 00:00:30 . Memory (MB): peak = 1418.320 ; gain = 571.695
---------------------------------------------------------------------------------
---------------------------------------------------------------------------------
Start Loading Part and Timing Information
---------------------------------------------------------------------------------
Loading part: xc7a35tcpg236-1
---------------------------------------------------------------------------------
Finished Loading Part and Timing Information : Time (s): cpu = 00:00:27 ; elapsed = 00:00:30 . Memory (MB): peak = 1418.320 ; gain = 571.695
---------------------------------------------------------------------------------
---------------------------------------------------------------------------------
Start Applying 'set_property' XDC Constraints
---------------------------------------------------------------------------------
---------------------------------------------------------------------------------
Finished applying 'set_property' XDC Constraints : Time (s): cpu = 00:00:27 ; elapsed = 00:00:30 . Memory (MB): peak = 1418.320 ; gain = 571.695
---------------------------------------------------------------------------------
---------------------------------------------------------------------------------
Finished RTL Optimization Phase 2 : Time (s): cpu = 00:00:27 ; elapsed = 00:00:31 . Memory (MB): peak = 1418.320 ; gain = 571.695
---------------------------------------------------------------------------------
---------------------------------------------------------------------------------
Start RTL Component Statistics 
---------------------------------------------------------------------------------
Detailed RTL Component Info : 
+---Registers : 
	               32 Bit    Registers := 5     
	                4 Bit    Registers := 2     
	                2 Bit    Registers := 2     
	                1 Bit    Registers := 7     
+---Muxes : 
	   2 Input   32 Bit        Muxes := 4     
	   4 Input   32 Bit        Muxes := 5     
	   2 Input    8 Bit        Muxes := 1     
	   2 Input    1 Bit        Muxes := 6     
---------------------------------------------------------------------------------
Finished RTL Component Statistics 
---------------------------------------------------------------------------------
---------------------------------------------------------------------------------
Start Part Resource Summary
---------------------------------------------------------------------------------
Part Resources:
DSPs: 90 (col length:60)
BRAMs: 100 (col length: RAMB18 60 RAMB36 30)
---------------------------------------------------------------------------------
Finished Part Resource Summary
---------------------------------------------------------------------------------
---------------------------------------------------------------------------------
Start Cross Boundary and Area Optimization
---------------------------------------------------------------------------------
WARNING: [Synth 8-7080] Parallel synthesis criteria is not met
WARNING: [Synth 8-7129] Port buttons[3] in module design_1_copro_0_0 is either unconnected or has no load
WARNING: [Synth 8-7129] Port buttons[2] in module design_1_copro_0_0 is either unconnected or has no load
WARNING: [Synth 8-7129] Port buttons[1] in module design_1_copro_0_0 is either unconnected or has no load
WARNING: [Synth 8-7129] Port buttons[0] in module design_1_copro_0_0 is either unconnected or has no load
WARNING: [Synth 8-7129] Port s00_axi_awprot[2] in module design_1_copro_0_0 is either unconnected or has no load
WARNING: [Synth 8-7129] Port s00_axi_awprot[1] in module design_1_copro_0_0 is either unconnected or has no load
WARNING: [Synth 8-7129] Port s00_axi_awprot[0] in module design_1_copro_0_0 is either unconnected or has no load
WARNING: [Synth 8-7129] Port s00_axi_arprot[2] in module design_1_copro_0_0 is either unconnected or has no load
WARNING: [Synth 8-7129] Port s00_axi_arprot[1] in module design_1_copro_0_0 is either unconnected or has no load
WARNING: [Synth 8-7129] Port s00_axi_arprot[0] in module design_1_copro_0_0 is either unconnected or has no load
---------------------------------------------------------------------------------
Finished Cross Boundary and Area Optimization : Time (s): cpu = 00:00:31 ; elapsed = 00:00:35 . Memory (MB): peak = 1418.320 ; gain = 571.695
---------------------------------------------------------------------------------
---------------------------------------------------------------------------------
Start Applying XDC Timing Constraints
---------------------------------------------------------------------------------
---------------------------------------------------------------------------------
Finished Applying XDC Timing Constraints : Time (s): cpu = 00:00:41 ; elapsed = 00:00:45 . Memory (MB): peak = 1418.320 ; gain = 571.695
---------------------------------------------------------------------------------
---------------------------------------------------------------------------------
Start Timing Optimization
---------------------------------------------------------------------------------
---------------------------------------------------------------------------------
Finished Timing Optimization : Time (s): cpu = 00:00:41 ; elapsed = 00:00:45 . Memory (MB): peak = 1418.320 ; gain = 571.695
---------------------------------------------------------------------------------
---------------------------------------------------------------------------------
Start Technology Mapping
---------------------------------------------------------------------------------
---------------------------------------------------------------------------------
Finished Technology Mapping : Time (s): cpu = 00:00:41 ; elapsed = 00:00:45 . Memory (MB): peak = 1418.320 ; gain = 571.695
---------------------------------------------------------------------------------
---------------------------------------------------------------------------------
Start IO Insertion
---------------------------------------------------------------------------------
---------------------------------------------------------------------------------
Start Flattening Before IO Insertion
---------------------------------------------------------------------------------
---------------------------------------------------------------------------------
Finished Flattening Before IO Insertion
---------------------------------------------------------------------------------
---------------------------------------------------------------------------------
Start Final Netlist Cleanup
---------------------------------------------------------------------------------
---------------------------------------------------------------------------------
Finished Final Netlist Cleanup
---------------------------------------------------------------------------------
---------------------------------------------------------------------------------
Finished IO Insertion : Time (s): cpu = 00:00:51 ; elapsed = 00:00:55 . Memory (MB): peak = 1418.320 ; gain = 571.695
---------------------------------------------------------------------------------
---------------------------------------------------------------------------------
Start Renaming Generated Instances
---------------------------------------------------------------------------------
---------------------------------------------------------------------------------
Finished Renaming Generated Instances : Time (s): cpu = 00:00:51 ; elapsed = 00:00:55 . Memory (MB): peak = 1418.320 ; gain = 571.695
---------------------------------------------------------------------------------
---------------------------------------------------------------------------------
Start Rebuilding User Hierarchy
---------------------------------------------------------------------------------
---------------------------------------------------------------------------------
Finished Rebuilding User Hierarchy : Time (s): cpu = 00:00:51 ; elapsed = 00:00:55 . Memory (MB): peak = 1418.320 ; gain = 571.695
---------------------------------------------------------------------------------
---------------------------------------------------------------------------------
Start Renaming Generated Ports
---------------------------------------------------------------------------------
---------------------------------------------------------------------------------
Finished Renaming Generated Ports : Time (s): cpu = 00:00:51 ; elapsed = 00:00:55 . Memory (MB): peak = 1418.320 ; gain = 571.695
---------------------------------------------------------------------------------
---------------------------------------------------------------------------------
Start Handling Custom Attributes
---------------------------------------------------------------------------------
---------------------------------------------------------------------------------
Finished Handling Custom Attributes : Time (s): cpu = 00:00:51 ; elapsed = 00:00:55 . Memory (MB): peak = 1418.320 ; gain = 571.695
---------------------------------------------------------------------------------
---------------------------------------------------------------------------------
Start Renaming Generated Nets
---------------------------------------------------------------------------------
---------------------------------------------------------------------------------
Finished Renaming Generated Nets : Time (s): cpu = 00:00:51 ; elapsed = 00:00:55 . Memory (MB): peak = 1418.320 ; gain = 571.695
---------------------------------------------------------------------------------
---------------------------------------------------------------------------------
Start Writing Synthesis Report
---------------------------------------------------------------------------------

Report BlackBoxes: 
+-+--------------+----------+
| |BlackBox name |Instances |
+-+--------------+----------+
+-+--------------+----------+

Report Cell Usage: 
+------+-------+------+
|      |Cell   |Count |
+------+-------+------+
|1     |CARRY4 |    19|
|2     |LUT1   |     2|
|3     |LUT2   |    57|
|4     |LUT3   |    35|
|5     |LUT4   |     5|
|6     |LUT5   |     1|
|7     |LUT6   |    45|
|8     |FDRE   |   227|
|9     |FDSE   |     3|
+------+-------+------+
---------------------------------------------------------------------------------
Finished Writing Synthesis Report : Time (s): cpu = 00:00:51 ; elapsed = 00:00:55 . Memory (MB): peak = 1418.320 ; gain = 571.695
---------------------------------------------------------------------------------
Synthesis finished with 0 errors, 0 critical warnings and 11 warnings.
Synthesis Optimization Runtime : Time (s): cpu = 00:00:34 ; elapsed = 00:00:52 . Memory (MB): peak = 1418.320 ; gain = 506.852
Synthesis Optimization Complete : Time (s): cpu = 00:00:51 ; elapsed = 00:00:55 . Memory (MB): peak = 1418.320 ; gain = 571.695
INFO: [Project 1-571] Translating synthesized netlist
Netlist sorting complete. Time (s): cpu = 00:00:00 ; elapsed = 00:00:00.009 . Memory (MB): peak = 1418.320 ; gain = 0.000
INFO: [Netlist 29-17] Analyzing 19 Unisim elements for replacement
INFO: [Netlist 29-28] Unisim Transformation completed in 0 CPU seconds
INFO: [Project 1-570] Preparing netlist for logic optimization
INFO: [Opt 31-138] Pushed 0 inverter(s) to 0 load pin(s).
Netlist sorting complete. Time (s): cpu = 00:00:00 ; elapsed = 00:00:00 . Memory (MB): peak = 1418.320 ; gain = 0.000
INFO: [Project 1-111] Unisim Transformation Summary:
No Unisim elements were transformed.

Synth Design complete | Checksum: 6eabc3eb
INFO: [Common 17-83] Releasing license: Synthesis
33 Infos, 22 Warnings, 0 Critical Warnings and 0 Errors encountered.
synth_design completed successfully
INFO: [Common 17-600] The following parameters have non-default value.
tcl.statsThreshold
INFO: [Common 17-1381] The checkpoint 'C:/Users/Usuario/Desktop/Uni/Semestre 7/SE/SE-FinalProject/FinalProyect/FinalProyect.runs/design_1_copro_0_0_synth_1/design_1_copro_0_0.dcp' has been generated.
INFO: [Coretcl 2-1648] Added synthesis output to IP cache for IP design_1_copro_0_0, cache-ID = 4e5556d9ff8c9c62
INFO: [Coretcl 2-1174] Renamed 2 cell refs.
INFO: [Common 17-1381] The checkpoint 'C:/Users/Usuario/Desktop/Uni/Semestre 7/SE/SE-FinalProject/FinalProyect/FinalProyect.runs/design_1_copro_0_0_synth_1/design_1_copro_0_0.dcp' has been generated.
INFO: [runtcl-4] Executing : report_utilization -file design_1_copro_0_0_utilization_synth.rpt -pb design_1_copro_0_0_utilization_synth.pb
INFO: [Common 17-206] Exiting Vivado at Fri Jan  9 12:51:48 2026...
