
*** Running vivado
    with args -log design_1_wrapper.vds -m64 -product Vivado -mode batch -messageDb vivado.pb -notrace -source design_1_wrapper.tcl


ECHO est  desactivado.
ECHO est  desactivado.

****** Vivado v2023.1 (64-bit)
  **** SW Build 3865809 on Sun May  7 15:05:29 MDT 2023
  **** IP Build 3864474 on Sun May  7 20:36:21 MDT 2023
  **** SharedData Build 3865790 on Sun May 07 13:33:03 MDT 2023
    ** Copyright 1986-2022 Xilinx, Inc. All Rights Reserved.
    ** Copyright 2022-2023 Advanced Micro Devices, Inc. All Rights Reserved.

source design_1_wrapper.tcl -notrace
INFO: [IP_Flow 19-234] Refreshing IP repositories
INFO: [IP_Flow 19-1700] Loaded user IP repository 'c:/Users/Usuario/Desktop/Uni/Semestre 7/SE/SE-FinalProject/ip_repo/altavoz_1_0'.
INFO: [IP_Flow 19-1700] Loaded user IP repository 'c:/Users/Usuario/Desktop/Uni/Semestre 7/SE/SE-FinalProject/ip_repo/copro_1_0'.
INFO: [IP_Flow 19-1700] Loaded user IP repository 'c:/Users/Usuario/Desktop/Uni/Semestre 7/SE/SE-FinalProject/ip_repo/matrizpuntos_1_0'.
INFO: [IP_Flow 19-1700] Loaded user IP repository 'c:/Users/Usuario/Desktop/Uni/Semestre 7/SE/SE-FinalProject/ip_repo/ledsrgb_1_0'.
INFO: [IP_Flow 19-1700] Loaded user IP repository 'c:/Users/Usuario/Desktop/Uni/Semestre 7/SE/SE-FinalProject/ip_repo/teclado_1_0'.
INFO: [IP_Flow 19-2313] Loaded Vivado IP repository 'C:/Xilinx/Vivado/2023.1/data/ip'.
WARNING: [IP_Flow 19-4995] The host OS only allows 260 characters in a normal path. The IP cache path is more than 80 characters. If you experience issues with IP caching, please consider changing the IP cache to a location with a shorter path. Alternately consider using the OS subst command to map part of the path to a drive letter. 
Current IP cache path is c:/Users/Usuario/Desktop/Uni/Semestre 7/SE/SE-FinalProject/FinalProyect/FinalProyect.cache/ip 
Command: read_checkpoint -auto_incremental -incremental {C:/Users/Usuario/Desktop/Uni/Semestre 7/SE/SE-FinalProject/FinalProyect/FinalProyect.srcs/utils_1/imports/synth_1/design_1_wrapper.dcp}
INFO: [Vivado 12-5825] Read reference checkpoint from C:/Users/Usuario/Desktop/Uni/Semestre 7/SE/SE-FinalProject/FinalProyect/FinalProyect.srcs/utils_1/imports/synth_1/design_1_wrapper.dcp for incremental synthesis
INFO: [Vivado 12-7989] Please ensure there are no constraint changes
Command: synth_design -top design_1_wrapper -part xc7a35tcpg236-1
Starting synth_design
Attempting to get a license for feature 'Synthesis' and/or device 'xc7a35t'
INFO: [Common 17-349] Got license for feature 'Synthesis' and/or device 'xc7a35t'
INFO: [Device 21-403] Loading part xc7a35tcpg236-1
INFO: [Designutils 20-5440] No compile time benefit to using incremental synthesis; A full resynthesis will be run
INFO: [Designutils 20-4379] Flow is switching to default flow due to incremental criteria not met. If you would like to alter this behaviour and have the flow terminate instead, please set the following parameter config_implementation {autoIncr.Synth.RejectBehavior Terminate}
INFO: [Synth 8-7079] Multithreading enabled for synth_design using a maximum of 2 processes.
INFO: [Synth 8-7078] Launching helper process for spawning children vivado processes
INFO: [Synth 8-7075] Helper process launched with PID 776
---------------------------------------------------------------------------------
Starting RTL Elaboration : Time (s): cpu = 00:00:08 ; elapsed = 00:00:08 . Memory (MB): peak = 1287.203 ; gain = 412.355
---------------------------------------------------------------------------------
INFO: [Synth 8-638] synthesizing module 'design_1_wrapper' [C:/Users/Usuario/Desktop/Uni/Semestre 7/SE/SE-FinalProject/FinalProyect/FinalProyect.gen/sources_1/bd/design_1/hdl/design_1_wrapper.vhd:37]
INFO: [Synth 8-3491] module 'design_1' declared at 'c:/Users/Usuario/Desktop/Uni/Semestre 7/SE/SE-FinalProject/FinalProyect/FinalProyect.gen/sources_1/bd/design_1/synth/design_1.vhd:2391' bound to instance 'design_1_i' of component 'design_1' [C:/Users/Usuario/Desktop/Uni/Semestre 7/SE/SE-FinalProject/FinalProyect/FinalProyect.gen/sources_1/bd/design_1/hdl/design_1_wrapper.vhd:60]
INFO: [Synth 8-638] synthesizing module 'design_1' [c:/Users/Usuario/Desktop/Uni/Semestre 7/SE/SE-FinalProject/FinalProyect/FinalProyect.gen/sources_1/bd/design_1/synth/design_1.vhd:2417]
INFO: [Synth 8-3491] module 'design_1_altavoz_0_0' declared at 'C:/Users/Usuario/Desktop/Uni/Semestre 7/SE/SE-FinalProject/FinalProyect/FinalProyect.runs/synth_1/.Xil/Vivado-12412-DESKTOP-M5G7CTN/realtime/design_1_altavoz_0_0_stub.vhdl:6' bound to instance 'altavoz_0' of component 'design_1_altavoz_0_0' [c:/Users/Usuario/Desktop/Uni/Semestre 7/SE/SE-FinalProject/FinalProyect/FinalProyect.gen/sources_1/bd/design_1/synth/design_1.vhd:2896]
INFO: [Synth 8-638] synthesizing module 'design_1_altavoz_0_0' [C:/Users/Usuario/Desktop/Uni/Semestre 7/SE/SE-FinalProject/FinalProyect/FinalProyect.runs/synth_1/.Xil/Vivado-12412-DESKTOP-M5G7CTN/realtime/design_1_altavoz_0_0_stub.vhdl:33]
INFO: [Synth 8-3491] module 'design_1_axi_uartlite_0_0' declared at 'C:/Users/Usuario/Desktop/Uni/Semestre 7/SE/SE-FinalProject/FinalProyect/FinalProyect.runs/synth_1/.Xil/Vivado-12412-DESKTOP-M5G7CTN/realtime/design_1_axi_uartlite_0_0_stub.vhdl:6' bound to instance 'axi_uartlite_0' of component 'design_1_axi_uartlite_0_0' [c:/Users/Usuario/Desktop/Uni/Semestre 7/SE/SE-FinalProject/FinalProyect/FinalProyect.gen/sources_1/bd/design_1/synth/design_1.vhd:2920]
INFO: [Synth 8-638] synthesizing module 'design_1_axi_uartlite_0_0' [C:/Users/Usuario/Desktop/Uni/Semestre 7/SE/SE-FinalProject/FinalProyect/FinalProyect.runs/synth_1/.Xil/Vivado-12412-DESKTOP-M5G7CTN/realtime/design_1_axi_uartlite_0_0_stub.vhdl:34]
INFO: [Synth 8-3491] module 'design_1_clk_wiz_1_0' declared at 'C:/Users/Usuario/Desktop/Uni/Semestre 7/SE/SE-FinalProject/FinalProyect/FinalProyect.runs/synth_1/.Xil/Vivado-12412-DESKTOP-M5G7CTN/realtime/design_1_clk_wiz_1_0_stub.vhdl:6' bound to instance 'clk_wiz_1' of component 'design_1_clk_wiz_1_0' [c:/Users/Usuario/Desktop/Uni/Semestre 7/SE/SE-FinalProject/FinalProyect/FinalProyect.gen/sources_1/bd/design_1/synth/design_1.vhd:2945]
INFO: [Synth 8-638] synthesizing module 'design_1_clk_wiz_1_0' [C:/Users/Usuario/Desktop/Uni/Semestre 7/SE/SE-FinalProject/FinalProyect/FinalProyect.runs/synth_1/.Xil/Vivado-12412-DESKTOP-M5G7CTN/realtime/design_1_clk_wiz_1_0_stub.vhdl:16]
INFO: [Synth 8-3491] module 'design_1_copro_0_0' declared at 'C:/Users/Usuario/Desktop/Uni/Semestre 7/SE/SE-FinalProject/FinalProyect/FinalProyect.runs/synth_1/.Xil/Vivado-12412-DESKTOP-M5G7CTN/realtime/design_1_copro_0_0_stub.vhdl:6' bound to instance 'copro_0' of component 'design_1_copro_0_0' [c:/Users/Usuario/Desktop/Uni/Semestre 7/SE/SE-FinalProject/FinalProyect/FinalProyect.gen/sources_1/bd/design_1/synth/design_1.vhd:2952]
INFO: [Synth 8-638] synthesizing module 'design_1_copro_0_0' [C:/Users/Usuario/Desktop/Uni/Semestre 7/SE/SE-FinalProject/FinalProyect/FinalProyect.runs/synth_1/.Xil/Vivado-12412-DESKTOP-M5G7CTN/realtime/design_1_copro_0_0_stub.vhdl:35]
INFO: [Synth 8-3491] module 'design_1_ledsrgb_0_0' declared at 'C:/Users/Usuario/Desktop/Uni/Semestre 7/SE/SE-FinalProject/FinalProyect/FinalProyect.runs/synth_1/.Xil/Vivado-12412-DESKTOP-M5G7CTN/realtime/design_1_ledsrgb_0_0_stub.vhdl:6' bound to instance 'ledsrgb_0' of component 'design_1_ledsrgb_0_0' [c:/Users/Usuario/Desktop/Uni/Semestre 7/SE/SE-FinalProject/FinalProyect/FinalProyect.gen/sources_1/bd/design_1/synth/design_1.vhd:2978]
INFO: [Synth 8-638] synthesizing module 'design_1_ledsrgb_0_0' [C:/Users/Usuario/Desktop/Uni/Semestre 7/SE/SE-FinalProject/FinalProyect/FinalProyect.runs/synth_1/.Xil/Vivado-12412-DESKTOP-M5G7CTN/realtime/design_1_ledsrgb_0_0_stub.vhdl:36]
INFO: [Synth 8-3491] module 'design_1_matrizpuntos_0_0' declared at 'C:/Users/Usuario/Desktop/Uni/Semestre 7/SE/SE-FinalProject/FinalProyect/FinalProyect.runs/synth_1/.Xil/Vivado-12412-DESKTOP-M5G7CTN/realtime/design_1_matrizpuntos_0_0_stub.vhdl:6' bound to instance 'matrizpuntos_0' of component 'design_1_matrizpuntos_0_0' [c:/Users/Usuario/Desktop/Uni/Semestre 7/SE/SE-FinalProject/FinalProyect/FinalProyect.gen/sources_1/bd/design_1/synth/design_1.vhd:3005]
INFO: [Synth 8-638] synthesizing module 'design_1_matrizpuntos_0_0' [C:/Users/Usuario/Desktop/Uni/Semestre 7/SE/SE-FinalProject/FinalProyect/FinalProyect.runs/synth_1/.Xil/Vivado-12412-DESKTOP-M5G7CTN/realtime/design_1_matrizpuntos_0_0_stub.vhdl:39]
INFO: [Synth 8-3491] module 'design_1_mdm_1_0' declared at 'C:/Users/Usuario/Desktop/Uni/Semestre 7/SE/SE-FinalProject/FinalProyect/FinalProyect.runs/synth_1/.Xil/Vivado-12412-DESKTOP-M5G7CTN/realtime/design_1_mdm_1_0_stub.vhdl:6' bound to instance 'mdm_1' of component 'design_1_mdm_1_0' [c:/Users/Usuario/Desktop/Uni/Semestre 7/SE/SE-FinalProject/FinalProyect/FinalProyect.gen/sources_1/bd/design_1/synth/design_1.vhd:3035]
INFO: [Synth 8-638] synthesizing module 'design_1_mdm_1_0' [C:/Users/Usuario/Desktop/Uni/Semestre 7/SE/SE-FinalProject/FinalProyect/FinalProyect.runs/synth_1/.Xil/Vivado-12412-DESKTOP-M5G7CTN/realtime/design_1_mdm_1_0_stub.vhdl:22]
INFO: [Synth 8-3491] module 'design_1_microblaze_0_0' declared at 'C:/Users/Usuario/Desktop/Uni/Semestre 7/SE/SE-FinalProject/FinalProyect/FinalProyect.runs/synth_1/.Xil/Vivado-12412-DESKTOP-M5G7CTN/realtime/design_1_microblaze_0_0_stub.vhdl:6' bound to instance 'microblaze_0' of component 'design_1_microblaze_0_0' [c:/Users/Usuario/Desktop/Uni/Semestre 7/SE/SE-FinalProject/FinalProyect/FinalProyect.gen/sources_1/bd/design_1/synth/design_1.vhd:3048]
INFO: [Synth 8-638] synthesizing module 'design_1_microblaze_0_0' [C:/Users/Usuario/Desktop/Uni/Semestre 7/SE/SE-FinalProject/FinalProyect/FinalProyect.runs/synth_1/.Xil/Vivado-12412-DESKTOP-M5G7CTN/realtime/design_1_microblaze_0_0_stub.vhdl:64]
INFO: [Synth 8-638] synthesizing module 'design_1_microblaze_0_axi_periph_0' [c:/Users/Usuario/Desktop/Uni/Semestre 7/SE/SE-FinalProject/FinalProyect/FinalProyect.gen/sources_1/bd/design_1/synth/design_1.vhd:1492]
INFO: [Synth 8-638] synthesizing module 'm00_couplers_imp_8RVYHO' [c:/Users/Usuario/Desktop/Uni/Semestre 7/SE/SE-FinalProject/FinalProyect/FinalProyect.gen/sources_1/bd/design_1/synth/design_1.vhd:58]
INFO: [Synth 8-256] done synthesizing module 'm00_couplers_imp_8RVYHO' (0#1) [c:/Users/Usuario/Desktop/Uni/Semestre 7/SE/SE-FinalProject/FinalProyect/FinalProyect.gen/sources_1/bd/design_1/synth/design_1.vhd:58]
INFO: [Synth 8-638] synthesizing module 'm01_couplers_imp_1UTB3Y5' [c:/Users/Usuario/Desktop/Uni/Semestre 7/SE/SE-FinalProject/FinalProyect/FinalProyect.gen/sources_1/bd/design_1/synth/design_1.vhd:163]
INFO: [Synth 8-256] done synthesizing module 'm01_couplers_imp_1UTB3Y5' (0#1) [c:/Users/Usuario/Desktop/Uni/Semestre 7/SE/SE-FinalProject/FinalProyect/FinalProyect.gen/sources_1/bd/design_1/synth/design_1.vhd:163]
INFO: [Synth 8-638] synthesizing module 'm02_couplers_imp_7ANRHB' [c:/Users/Usuario/Desktop/Uni/Semestre 7/SE/SE-FinalProject/FinalProyect/FinalProyect.gen/sources_1/bd/design_1/synth/design_1.vhd:274]
INFO: [Synth 8-256] done synthesizing module 'm02_couplers_imp_7ANRHB' (0#1) [c:/Users/Usuario/Desktop/Uni/Semestre 7/SE/SE-FinalProject/FinalProyect/FinalProyect.gen/sources_1/bd/design_1/synth/design_1.vhd:274]
INFO: [Synth 8-638] synthesizing module 'm03_couplers_imp_1W07O72' [c:/Users/Usuario/Desktop/Uni/Semestre 7/SE/SE-FinalProject/FinalProyect/FinalProyect.gen/sources_1/bd/design_1/synth/design_1.vhd:385]
INFO: [Synth 8-256] done synthesizing module 'm03_couplers_imp_1W07O72' (0#1) [c:/Users/Usuario/Desktop/Uni/Semestre 7/SE/SE-FinalProject/FinalProyect/FinalProyect.gen/sources_1/bd/design_1/synth/design_1.vhd:385]
INFO: [Synth 8-638] synthesizing module 'm04_couplers_imp_5LX7BU' [c:/Users/Usuario/Desktop/Uni/Semestre 7/SE/SE-FinalProject/FinalProyect/FinalProyect.gen/sources_1/bd/design_1/synth/design_1.vhd:496]
INFO: [Synth 8-256] done synthesizing module 'm04_couplers_imp_5LX7BU' (0#1) [c:/Users/Usuario/Desktop/Uni/Semestre 7/SE/SE-FinalProject/FinalProyect/FinalProyect.gen/sources_1/bd/design_1/synth/design_1.vhd:496]
INFO: [Synth 8-638] synthesizing module 'm05_couplers_imp_1XR4ZAZ' [c:/Users/Usuario/Desktop/Uni/Semestre 7/SE/SE-FinalProject/FinalProyect/FinalProyect.gen/sources_1/bd/design_1/synth/design_1.vhd:607]
INFO: [Synth 8-256] done synthesizing module 'm05_couplers_imp_1XR4ZAZ' (0#1) [c:/Users/Usuario/Desktop/Uni/Semestre 7/SE/SE-FinalProject/FinalProyect/FinalProyect.gen/sources_1/bd/design_1/synth/design_1.vhd:607]
INFO: [Synth 8-638] synthesizing module 's00_couplers_imp_1RZP34U' [c:/Users/Usuario/Desktop/Uni/Semestre 7/SE/SE-FinalProject/FinalProyect/FinalProyect.gen/sources_1/bd/design_1/synth/design_1.vhd:1276]
INFO: [Synth 8-256] done synthesizing module 's00_couplers_imp_1RZP34U' (0#1) [c:/Users/Usuario/Desktop/Uni/Semestre 7/SE/SE-FinalProject/FinalProyect/FinalProyect.gen/sources_1/bd/design_1/synth/design_1.vhd:1276]
INFO: [Synth 8-3491] module 'design_1_xbar_0' declared at 'C:/Users/Usuario/Desktop/Uni/Semestre 7/SE/SE-FinalProject/FinalProyect/FinalProyect.runs/synth_1/.Xil/Vivado-12412-DESKTOP-M5G7CTN/realtime/design_1_xbar_0_stub.vhdl:6' bound to instance 'xbar' of component 'design_1_xbar_0' [c:/Users/Usuario/Desktop/Uni/Semestre 7/SE/SE-FinalProject/FinalProyect/FinalProyect.gen/sources_1/bd/design_1/synth/design_1.vhd:2248]
INFO: [Synth 8-638] synthesizing module 'design_1_xbar_0' [C:/Users/Usuario/Desktop/Uni/Semestre 7/SE/SE-FinalProject/FinalProyect/FinalProyect.runs/synth_1/.Xil/Vivado-12412-DESKTOP-M5G7CTN/realtime/design_1_xbar_0_stub.vhdl:52]
INFO: [Synth 8-256] done synthesizing module 'design_1_microblaze_0_axi_periph_0' (0#1) [c:/Users/Usuario/Desktop/Uni/Semestre 7/SE/SE-FinalProject/FinalProyect/FinalProyect.gen/sources_1/bd/design_1/synth/design_1.vhd:1492]
INFO: [Synth 8-638] synthesizing module 'microblaze_0_local_memory_imp_1K0VQXK' [c:/Users/Usuario/Desktop/Uni/Semestre 7/SE/SE-FinalProject/FinalProyect/FinalProyect.gen/sources_1/bd/design_1/synth/design_1.vhd:697]
INFO: [Synth 8-3491] module 'design_1_dlmb_bram_if_cntlr_0' declared at 'C:/Users/Usuario/Desktop/Uni/Semestre 7/SE/SE-FinalProject/FinalProyect/FinalProyect.runs/synth_1/.Xil/Vivado-12412-DESKTOP-M5G7CTN/realtime/design_1_dlmb_bram_if_cntlr_0_stub.vhdl:6' bound to instance 'dlmb_bram_if_cntlr' of component 'design_1_dlmb_bram_if_cntlr_0' [c:/Users/Usuario/Desktop/Uni/Semestre 7/SE/SE-FinalProject/FinalProyect/FinalProyect.gen/sources_1/bd/design_1/synth/design_1.vhd:911]
INFO: [Synth 8-638] synthesizing module 'design_1_dlmb_bram_if_cntlr_0' [C:/Users/Usuario/Desktop/Uni/Semestre 7/SE/SE-FinalProject/FinalProyect/FinalProyect.runs/synth_1/.Xil/Vivado-12412-DESKTOP-M5G7CTN/realtime/design_1_dlmb_bram_if_cntlr_0_stub.vhdl:32]
INFO: [Synth 8-3491] module 'design_1_dlmb_v10_0' declared at 'C:/Users/Usuario/Desktop/Uni/Semestre 7/SE/SE-FinalProject/FinalProyect/FinalProyect.runs/synth_1/.Xil/Vivado-12412-DESKTOP-M5G7CTN/realtime/design_1_dlmb_v10_0_stub.vhdl:6' bound to instance 'dlmb_v10' of component 'design_1_dlmb_v10_0' [c:/Users/Usuario/Desktop/Uni/Semestre 7/SE/SE-FinalProject/FinalProyect/FinalProyect.gen/sources_1/bd/design_1/synth/design_1.vhd:965]
INFO: [Synth 8-638] synthesizing module 'design_1_dlmb_v10_0' [C:/Users/Usuario/Desktop/Uni/Semestre 7/SE/SE-FinalProject/FinalProyect/FinalProyect.runs/synth_1/.Xil/Vivado-12412-DESKTOP-M5G7CTN/realtime/design_1_dlmb_v10_0_stub.vhdl:37]
INFO: [Synth 8-3491] module 'design_1_ilmb_bram_if_cntlr_0' declared at 'C:/Users/Usuario/Desktop/Uni/Semestre 7/SE/SE-FinalProject/FinalProyect/FinalProyect.runs/synth_1/.Xil/Vivado-12412-DESKTOP-M5G7CTN/realtime/design_1_ilmb_bram_if_cntlr_0_stub.vhdl:6' bound to instance 'ilmb_bram_if_cntlr' of component 'design_1_ilmb_bram_if_cntlr_0' [c:/Users/Usuario/Desktop/Uni/Semestre 7/SE/SE-FinalProject/FinalProyect/FinalProyect.gen/sources_1/bd/design_1/synth/design_1.vhd:993]
INFO: [Synth 8-638] synthesizing module 'design_1_ilmb_bram_if_cntlr_0' [C:/Users/Usuario/Desktop/Uni/Semestre 7/SE/SE-FinalProject/FinalProyect/FinalProyect.runs/synth_1/.Xil/Vivado-12412-DESKTOP-M5G7CTN/realtime/design_1_ilmb_bram_if_cntlr_0_stub.vhdl:32]
INFO: [Synth 8-3491] module 'design_1_ilmb_v10_0' declared at 'C:/Users/Usuario/Desktop/Uni/Semestre 7/SE/SE-FinalProject/FinalProyect/FinalProyect.runs/synth_1/.Xil/Vivado-12412-DESKTOP-M5G7CTN/realtime/design_1_ilmb_v10_0_stub.vhdl:6' bound to instance 'ilmb_v10' of component 'design_1_ilmb_v10_0' [c:/Users/Usuario/Desktop/Uni/Semestre 7/SE/SE-FinalProject/FinalProyect/FinalProyect.gen/sources_1/bd/design_1/synth/design_1.vhd:1047]
INFO: [Synth 8-638] synthesizing module 'design_1_ilmb_v10_0' [C:/Users/Usuario/Desktop/Uni/Semestre 7/SE/SE-FinalProject/FinalProyect/FinalProyect.runs/synth_1/.Xil/Vivado-12412-DESKTOP-M5G7CTN/realtime/design_1_ilmb_v10_0_stub.vhdl:37]
INFO: [Synth 8-3491] module 'design_1_lmb_bram_0' declared at 'C:/Users/Usuario/Desktop/Uni/Semestre 7/SE/SE-FinalProject/FinalProyect/FinalProyect.runs/synth_1/.Xil/Vivado-12412-DESKTOP-M5G7CTN/realtime/design_1_lmb_bram_0_stub.vhdl:6' bound to instance 'lmb_bram' of component 'design_1_lmb_bram_0' [c:/Users/Usuario/Desktop/Uni/Semestre 7/SE/SE-FinalProject/FinalProyect/FinalProyect.gen/sources_1/bd/design_1/synth/design_1.vhd:1075]
INFO: [Synth 8-638] synthesizing module 'design_1_lmb_bram_0' [C:/Users/Usuario/Desktop/Uni/Semestre 7/SE/SE-FinalProject/FinalProyect/FinalProyect.runs/synth_1/.Xil/Vivado-12412-DESKTOP-M5G7CTN/realtime/design_1_lmb_bram_0_stub.vhdl:28]
INFO: [Synth 8-256] done synthesizing module 'microblaze_0_local_memory_imp_1K0VQXK' (0#1) [c:/Users/Usuario/Desktop/Uni/Semestre 7/SE/SE-FinalProject/FinalProyect/FinalProyect.gen/sources_1/bd/design_1/synth/design_1.vhd:697]
INFO: [Synth 8-3491] module 'design_1_rst_clk_wiz_1_100M_0' declared at 'C:/Users/Usuario/Desktop/Uni/Semestre 7/SE/SE-FinalProject/FinalProyect/FinalProyect.runs/synth_1/.Xil/Vivado-12412-DESKTOP-M5G7CTN/realtime/design_1_rst_clk_wiz_1_100M_0_stub.vhdl:6' bound to instance 'rst_clk_wiz_1_100M' of component 'design_1_rst_clk_wiz_1_100M_0' [c:/Users/Usuario/Desktop/Uni/Semestre 7/SE/SE-FinalProject/FinalProyect/FinalProyect.gen/sources_1/bd/design_1/synth/design_1.vhd:3277]
INFO: [Synth 8-638] synthesizing module 'design_1_rst_clk_wiz_1_100M_0' [C:/Users/Usuario/Desktop/Uni/Semestre 7/SE/SE-FinalProject/FinalProyect/FinalProyect.runs/synth_1/.Xil/Vivado-12412-DESKTOP-M5G7CTN/realtime/design_1_rst_clk_wiz_1_100M_0_stub.vhdl:22]
INFO: [Synth 8-3491] module 'design_1_teclado_0_0' declared at 'C:/Users/Usuario/Desktop/Uni/Semestre 7/SE/SE-FinalProject/FinalProyect/FinalProyect.runs/synth_1/.Xil/Vivado-12412-DESKTOP-M5G7CTN/realtime/design_1_teclado_0_0_stub.vhdl:6' bound to instance 'teclado_0' of component 'design_1_teclado_0_0' [c:/Users/Usuario/Desktop/Uni/Semestre 7/SE/SE-FinalProject/FinalProyect/FinalProyect.gen/sources_1/bd/design_1/synth/design_1.vhd:3290]
INFO: [Synth 8-638] synthesizing module 'design_1_teclado_0_0' [C:/Users/Usuario/Desktop/Uni/Semestre 7/SE/SE-FinalProject/FinalProyect/FinalProyect.runs/synth_1/.Xil/Vivado-12412-DESKTOP-M5G7CTN/realtime/design_1_teclado_0_0_stub.vhdl:35]
INFO: [Synth 8-256] done synthesizing module 'design_1' (0#1) [c:/Users/Usuario/Desktop/Uni/Semestre 7/SE/SE-FinalProject/FinalProyect/FinalProyect.gen/sources_1/bd/design_1/synth/design_1.vhd:2417]
INFO: [Synth 8-256] done synthesizing module 'design_1_wrapper' (0#1) [C:/Users/Usuario/Desktop/Uni/Semestre 7/SE/SE-FinalProject/FinalProyect/FinalProyect.gen/sources_1/bd/design_1/hdl/design_1_wrapper.vhd:37]
WARNING: [Synth 8-7129] Port M_ACLK in module s00_couplers_imp_1RZP34U is either unconnected or has no load
WARNING: [Synth 8-7129] Port M_ARESETN in module s00_couplers_imp_1RZP34U is either unconnected or has no load
WARNING: [Synth 8-7129] Port S_ACLK in module s00_couplers_imp_1RZP34U is either unconnected or has no load
WARNING: [Synth 8-7129] Port S_ARESETN in module s00_couplers_imp_1RZP34U is either unconnected or has no load
WARNING: [Synth 8-7129] Port M_ACLK in module m05_couplers_imp_1XR4ZAZ is either unconnected or has no load
WARNING: [Synth 8-7129] Port M_ARESETN in module m05_couplers_imp_1XR4ZAZ is either unconnected or has no load
WARNING: [Synth 8-7129] Port S_ACLK in module m05_couplers_imp_1XR4ZAZ is either unconnected or has no load
WARNING: [Synth 8-7129] Port S_ARESETN in module m05_couplers_imp_1XR4ZAZ is either unconnected or has no load
WARNING: [Synth 8-7129] Port M_ACLK in module m04_couplers_imp_5LX7BU is either unconnected or has no load
WARNING: [Synth 8-7129] Port M_ARESETN in module m04_couplers_imp_5LX7BU is either unconnected or has no load
WARNING: [Synth 8-7129] Port S_ACLK in module m04_couplers_imp_5LX7BU is either unconnected or has no load
WARNING: [Synth 8-7129] Port S_ARESETN in module m04_couplers_imp_5LX7BU is either unconnected or has no load
WARNING: [Synth 8-7129] Port M_ACLK in module m03_couplers_imp_1W07O72 is either unconnected or has no load
WARNING: [Synth 8-7129] Port M_ARESETN in module m03_couplers_imp_1W07O72 is either unconnected or has no load
WARNING: [Synth 8-7129] Port S_ACLK in module m03_couplers_imp_1W07O72 is either unconnected or has no load
WARNING: [Synth 8-7129] Port S_ARESETN in module m03_couplers_imp_1W07O72 is either unconnected or has no load
WARNING: [Synth 8-7129] Port M_ACLK in module m02_couplers_imp_7ANRHB is either unconnected or has no load
WARNING: [Synth 8-7129] Port M_ARESETN in module m02_couplers_imp_7ANRHB is either unconnected or has no load
WARNING: [Synth 8-7129] Port S_ACLK in module m02_couplers_imp_7ANRHB is either unconnected or has no load
WARNING: [Synth 8-7129] Port S_ARESETN in module m02_couplers_imp_7ANRHB is either unconnected or has no load
WARNING: [Synth 8-7129] Port M_ACLK in module m01_couplers_imp_1UTB3Y5 is either unconnected or has no load
WARNING: [Synth 8-7129] Port M_ARESETN in module m01_couplers_imp_1UTB3Y5 is either unconnected or has no load
WARNING: [Synth 8-7129] Port S_ACLK in module m01_couplers_imp_1UTB3Y5 is either unconnected or has no load
WARNING: [Synth 8-7129] Port S_ARESETN in module m01_couplers_imp_1UTB3Y5 is either unconnected or has no load
WARNING: [Synth 8-7129] Port M_ACLK in module m00_couplers_imp_8RVYHO is either unconnected or has no load
WARNING: [Synth 8-7129] Port M_ARESETN in module m00_couplers_imp_8RVYHO is either unconnected or has no load
WARNING: [Synth 8-7129] Port S_ACLK in module m00_couplers_imp_8RVYHO is either unconnected or has no load
WARNING: [Synth 8-7129] Port S_ARESETN in module m00_couplers_imp_8RVYHO is either unconnected or has no load
WARNING: [Synth 8-7129] Port M00_ACLK in module design_1_microblaze_0_axi_periph_0 is either unconnected or has no load
WARNING: [Synth 8-7129] Port M00_ARESETN in module design_1_microblaze_0_axi_periph_0 is either unconnected or has no load
WARNING: [Synth 8-7129] Port M01_ACLK in module design_1_microblaze_0_axi_periph_0 is either unconnected or has no load
WARNING: [Synth 8-7129] Port M01_ARESETN in module design_1_microblaze_0_axi_periph_0 is either unconnected or has no load
WARNING: [Synth 8-7129] Port M02_ACLK in module design_1_microblaze_0_axi_periph_0 is either unconnected or has no load
WARNING: [Synth 8-7129] Port M02_ARESETN in module design_1_microblaze_0_axi_periph_0 is either unconnected or has no load
WARNING: [Synth 8-7129] Port M03_ACLK in module design_1_microblaze_0_axi_periph_0 is either unconnected or has no load
WARNING: [Synth 8-7129] Port M03_ARESETN in module design_1_microblaze_0_axi_periph_0 is either unconnected or has no load
WARNING: [Synth 8-7129] Port M04_ACLK in module design_1_microblaze_0_axi_periph_0 is either unconnected or has no load
WARNING: [Synth 8-7129] Port M04_ARESETN in module design_1_microblaze_0_axi_periph_0 is either unconnected or has no load
WARNING: [Synth 8-7129] Port M05_ACLK in module design_1_microblaze_0_axi_periph_0 is either unconnected or has no load
WARNING: [Synth 8-7129] Port M05_ARESETN in module design_1_microblaze_0_axi_periph_0 is either unconnected or has no load
WARNING: [Synth 8-7129] Port S00_ACLK in module design_1_microblaze_0_axi_periph_0 is either unconnected or has no load
WARNING: [Synth 8-7129] Port S00_ARESETN in module design_1_microblaze_0_axi_periph_0 is either unconnected or has no load
---------------------------------------------------------------------------------
Finished RTL Elaboration : Time (s): cpu = 00:00:11 ; elapsed = 00:00:12 . Memory (MB): peak = 1390.277 ; gain = 515.430
---------------------------------------------------------------------------------
---------------------------------------------------------------------------------
Start Handling Custom Attributes
---------------------------------------------------------------------------------
---------------------------------------------------------------------------------
Finished Handling Custom Attributes : Time (s): cpu = 00:00:11 ; elapsed = 00:00:12 . Memory (MB): peak = 1390.277 ; gain = 515.430
---------------------------------------------------------------------------------
---------------------------------------------------------------------------------
Finished RTL Optimization Phase 1 : Time (s): cpu = 00:00:11 ; elapsed = 00:00:12 . Memory (MB): peak = 1390.277 ; gain = 515.430
---------------------------------------------------------------------------------
Netlist sorting complete. Time (s): cpu = 00:00:01 ; elapsed = 00:00:00.058 . Memory (MB): peak = 1390.277 ; gain = 0.000
INFO: [Project 1-570] Preparing netlist for logic optimization

Processing XDC Constraints
Initializing timing engine
Parsing XDC File [c:/Users/Usuario/Desktop/Uni/Semestre 7/SE/SE-FinalProject/FinalProyect/FinalProyect.gen/sources_1/bd/design_1/ip/design_1_microblaze_0_0/design_1_microblaze_0_0/design_1_microblaze_0_0_in_context.xdc] for cell 'design_1_i/microblaze_0'
Finished Parsing XDC File [c:/Users/Usuario/Desktop/Uni/Semestre 7/SE/SE-FinalProject/FinalProyect/FinalProyect.gen/sources_1/bd/design_1/ip/design_1_microblaze_0_0/design_1_microblaze_0_0/design_1_microblaze_0_0_in_context.xdc] for cell 'design_1_i/microblaze_0'
Parsing XDC File [c:/Users/Usuario/Desktop/Uni/Semestre 7/SE/SE-FinalProject/FinalProyect/FinalProyect.gen/sources_1/bd/design_1/ip/design_1_dlmb_v10_0/design_1_dlmb_v10_0/design_1_dlmb_v10_0_in_context.xdc] for cell 'design_1_i/microblaze_0_local_memory/dlmb_v10'
Finished Parsing XDC File [c:/Users/Usuario/Desktop/Uni/Semestre 7/SE/SE-FinalProject/FinalProyect/FinalProyect.gen/sources_1/bd/design_1/ip/design_1_dlmb_v10_0/design_1_dlmb_v10_0/design_1_dlmb_v10_0_in_context.xdc] for cell 'design_1_i/microblaze_0_local_memory/dlmb_v10'
Parsing XDC File [c:/Users/Usuario/Desktop/Uni/Semestre 7/SE/SE-FinalProject/FinalProyect/FinalProyect.gen/sources_1/bd/design_1/ip/design_1_ilmb_v10_0/design_1_ilmb_v10_0/design_1_dlmb_v10_0_in_context.xdc] for cell 'design_1_i/microblaze_0_local_memory/ilmb_v10'
Finished Parsing XDC File [c:/Users/Usuario/Desktop/Uni/Semestre 7/SE/SE-FinalProject/FinalProyect/FinalProyect.gen/sources_1/bd/design_1/ip/design_1_ilmb_v10_0/design_1_ilmb_v10_0/design_1_dlmb_v10_0_in_context.xdc] for cell 'design_1_i/microblaze_0_local_memory/ilmb_v10'
Parsing XDC File [c:/Users/Usuario/Desktop/Uni/Semestre 7/SE/SE-FinalProject/FinalProyect/FinalProyect.gen/sources_1/bd/design_1/ip/design_1_dlmb_bram_if_cntlr_0/design_1_dlmb_bram_if_cntlr_0/design_1_dlmb_bram_if_cntlr_0_in_context.xdc] for cell 'design_1_i/microblaze_0_local_memory/dlmb_bram_if_cntlr'
Finished Parsing XDC File [c:/Users/Usuario/Desktop/Uni/Semestre 7/SE/SE-FinalProject/FinalProyect/FinalProyect.gen/sources_1/bd/design_1/ip/design_1_dlmb_bram_if_cntlr_0/design_1_dlmb_bram_if_cntlr_0/design_1_dlmb_bram_if_cntlr_0_in_context.xdc] for cell 'design_1_i/microblaze_0_local_memory/dlmb_bram_if_cntlr'
Parsing XDC File [c:/Users/Usuario/Desktop/Uni/Semestre 7/SE/SE-FinalProject/FinalProyect/FinalProyect.gen/sources_1/bd/design_1/ip/design_1_ilmb_bram_if_cntlr_0/design_1_ilmb_bram_if_cntlr_0/design_1_ilmb_bram_if_cntlr_0_in_context.xdc] for cell 'design_1_i/microblaze_0_local_memory/ilmb_bram_if_cntlr'
Finished Parsing XDC File [c:/Users/Usuario/Desktop/Uni/Semestre 7/SE/SE-FinalProject/FinalProyect/FinalProyect.gen/sources_1/bd/design_1/ip/design_1_ilmb_bram_if_cntlr_0/design_1_ilmb_bram_if_cntlr_0/design_1_ilmb_bram_if_cntlr_0_in_context.xdc] for cell 'design_1_i/microblaze_0_local_memory/ilmb_bram_if_cntlr'
Parsing XDC File [c:/Users/Usuario/Desktop/Uni/Semestre 7/SE/SE-FinalProject/FinalProyect/FinalProyect.gen/sources_1/bd/design_1/ip/design_1_lmb_bram_0/design_1_lmb_bram_0/design_1_lmb_bram_0_in_context.xdc] for cell 'design_1_i/microblaze_0_local_memory/lmb_bram'
Finished Parsing XDC File [c:/Users/Usuario/Desktop/Uni/Semestre 7/SE/SE-FinalProject/FinalProyect/FinalProyect.gen/sources_1/bd/design_1/ip/design_1_lmb_bram_0/design_1_lmb_bram_0/design_1_lmb_bram_0_in_context.xdc] for cell 'design_1_i/microblaze_0_local_memory/lmb_bram'
Parsing XDC File [c:/Users/Usuario/Desktop/Uni/Semestre 7/SE/SE-FinalProject/FinalProyect/FinalProyect.gen/sources_1/bd/design_1/ip/design_1_mdm_1_0/design_1_mdm_1_0/design_1_mdm_1_0_in_context.xdc] for cell 'design_1_i/mdm_1'
Finished Parsing XDC File [c:/Users/Usuario/Desktop/Uni/Semestre 7/SE/SE-FinalProject/FinalProyect/FinalProyect.gen/sources_1/bd/design_1/ip/design_1_mdm_1_0/design_1_mdm_1_0/design_1_mdm_1_0_in_context.xdc] for cell 'design_1_i/mdm_1'
Parsing XDC File [c:/Users/Usuario/Desktop/Uni/Semestre 7/SE/SE-FinalProject/FinalProyect/FinalProyect.gen/sources_1/bd/design_1/ip/design_1_clk_wiz_1_0/design_1_clk_wiz_1_0/design_1_clk_wiz_1_0_in_context.xdc] for cell 'design_1_i/clk_wiz_1'
Finished Parsing XDC File [c:/Users/Usuario/Desktop/Uni/Semestre 7/SE/SE-FinalProject/FinalProyect/FinalProyect.gen/sources_1/bd/design_1/ip/design_1_clk_wiz_1_0/design_1_clk_wiz_1_0/design_1_clk_wiz_1_0_in_context.xdc] for cell 'design_1_i/clk_wiz_1'
Parsing XDC File [c:/Users/Usuario/Desktop/Uni/Semestre 7/SE/SE-FinalProject/FinalProyect/FinalProyect.gen/sources_1/bd/design_1/ip/design_1_rst_clk_wiz_1_100M_0/design_1_rst_clk_wiz_1_100M_0/design_1_rst_clk_wiz_1_100M_0_in_context.xdc] for cell 'design_1_i/rst_clk_wiz_1_100M'
Finished Parsing XDC File [c:/Users/Usuario/Desktop/Uni/Semestre 7/SE/SE-FinalProject/FinalProyect/FinalProyect.gen/sources_1/bd/design_1/ip/design_1_rst_clk_wiz_1_100M_0/design_1_rst_clk_wiz_1_100M_0/design_1_rst_clk_wiz_1_100M_0_in_context.xdc] for cell 'design_1_i/rst_clk_wiz_1_100M'
Parsing XDC File [c:/Users/Usuario/Desktop/Uni/Semestre 7/SE/SE-FinalProject/FinalProyect/FinalProyect.gen/sources_1/bd/design_1/ip/design_1_axi_uartlite_0_0/design_1_axi_uartlite_0_0/design_1_axi_uartlite_0_0_in_context.xdc] for cell 'design_1_i/axi_uartlite_0'
Finished Parsing XDC File [c:/Users/Usuario/Desktop/Uni/Semestre 7/SE/SE-FinalProject/FinalProyect/FinalProyect.gen/sources_1/bd/design_1/ip/design_1_axi_uartlite_0_0/design_1_axi_uartlite_0_0/design_1_axi_uartlite_0_0_in_context.xdc] for cell 'design_1_i/axi_uartlite_0'
Parsing XDC File [c:/Users/Usuario/Desktop/Uni/Semestre 7/SE/SE-FinalProject/FinalProyect/FinalProyect.gen/sources_1/bd/design_1/ip/design_1_xbar_0/design_1_xbar_0/design_1_xbar_0_in_context.xdc] for cell 'design_1_i/microblaze_0_axi_periph/xbar'
Finished Parsing XDC File [c:/Users/Usuario/Desktop/Uni/Semestre 7/SE/SE-FinalProject/FinalProyect/FinalProyect.gen/sources_1/bd/design_1/ip/design_1_xbar_0/design_1_xbar_0/design_1_xbar_0_in_context.xdc] for cell 'design_1_i/microblaze_0_axi_periph/xbar'
Parsing XDC File [c:/Users/Usuario/Desktop/Uni/Semestre 7/SE/SE-FinalProject/FinalProyect/FinalProyect.gen/sources_1/bd/design_1/ip/design_1_ledsrgb_0_0/design_1_ledsrgb_0_0/design_1_ledsrgb_0_0_in_context.xdc] for cell 'design_1_i/ledsrgb_0'
Finished Parsing XDC File [c:/Users/Usuario/Desktop/Uni/Semestre 7/SE/SE-FinalProject/FinalProyect/FinalProyect.gen/sources_1/bd/design_1/ip/design_1_ledsrgb_0_0/design_1_ledsrgb_0_0/design_1_ledsrgb_0_0_in_context.xdc] for cell 'design_1_i/ledsrgb_0'
Parsing XDC File [c:/Users/Usuario/Desktop/Uni/Semestre 7/SE/SE-FinalProject/FinalProyect/FinalProyect.gen/sources_1/bd/design_1/ip/design_1_teclado_0_0/design_1_teclado_0_0/design_1_teclado_0_0_in_context.xdc] for cell 'design_1_i/teclado_0'
Finished Parsing XDC File [c:/Users/Usuario/Desktop/Uni/Semestre 7/SE/SE-FinalProject/FinalProyect/FinalProyect.gen/sources_1/bd/design_1/ip/design_1_teclado_0_0/design_1_teclado_0_0/design_1_teclado_0_0_in_context.xdc] for cell 'design_1_i/teclado_0'
Parsing XDC File [c:/Users/Usuario/Desktop/Uni/Semestre 7/SE/SE-FinalProject/FinalProyect/FinalProyect.gen/sources_1/bd/design_1/ip/design_1_copro_0_0/design_1_copro_0_0/design_1_copro_0_0_in_context.xdc] for cell 'design_1_i/copro_0'
Finished Parsing XDC File [c:/Users/Usuario/Desktop/Uni/Semestre 7/SE/SE-FinalProject/FinalProyect/FinalProyect.gen/sources_1/bd/design_1/ip/design_1_copro_0_0/design_1_copro_0_0/design_1_copro_0_0_in_context.xdc] for cell 'design_1_i/copro_0'
Parsing XDC File [c:/Users/Usuario/Desktop/Uni/Semestre 7/SE/SE-FinalProject/FinalProyect/FinalProyect.gen/sources_1/bd/design_1/ip/design_1_altavoz_0_0/design_1_altavoz_0_0/design_1_altavoz_0_0_in_context.xdc] for cell 'design_1_i/altavoz_0'
Finished Parsing XDC File [c:/Users/Usuario/Desktop/Uni/Semestre 7/SE/SE-FinalProject/FinalProyect/FinalProyect.gen/sources_1/bd/design_1/ip/design_1_altavoz_0_0/design_1_altavoz_0_0/design_1_altavoz_0_0_in_context.xdc] for cell 'design_1_i/altavoz_0'
Parsing XDC File [c:/Users/Usuario/Desktop/Uni/Semestre 7/SE/SE-FinalProject/FinalProyect/FinalProyect.gen/sources_1/bd/design_1/ip/design_1_matrizpuntos_0_0/design_1_matrizpuntos_0_0/design_1_matrizpuntos_0_0_in_context.xdc] for cell 'design_1_i/matrizpuntos_0'
Finished Parsing XDC File [c:/Users/Usuario/Desktop/Uni/Semestre 7/SE/SE-FinalProject/FinalProyect/FinalProyect.gen/sources_1/bd/design_1/ip/design_1_matrizpuntos_0_0/design_1_matrizpuntos_0_0/design_1_matrizpuntos_0_0_in_context.xdc] for cell 'design_1_i/matrizpuntos_0'
Parsing XDC File [C:/Users/Usuario/Desktop/Uni/Semestre 7/SE/SE-FinalProject/FinalProyect/FinalProyect.srcs/constrs_1/new/constrains.xdc]
WARNING: [Vivado 12-584] No ports matched 'sonido_1'. [C:/Users/Usuario/Desktop/Uni/Semestre 7/SE/SE-FinalProject/FinalProyect/FinalProyect.srcs/constrs_1/new/constrains.xdc:11]
WARNING: [Vivado 12-584] No ports matched 'sonido_1'. [C:/Users/Usuario/Desktop/Uni/Semestre 7/SE/SE-FinalProject/FinalProyect/FinalProyect.srcs/constrs_1/new/constrains.xdc:12]
Finished Parsing XDC File [C:/Users/Usuario/Desktop/Uni/Semestre 7/SE/SE-FinalProject/FinalProyect/FinalProyect.srcs/constrs_1/new/constrains.xdc]
WARNING: [Project 1-498] One or more constraints failed evaluation while reading constraint file [C:/Users/Usuario/Desktop/Uni/Semestre 7/SE/SE-FinalProject/FinalProyect/FinalProyect.srcs/constrs_1/new/constrains.xdc] and the design contains unresolved black boxes. These constraints will be read post-synthesis (as long as their source constraint file is marked as used_in_implementation) and should be applied correctly then. You should review the constraints listed in the file [.Xil/design_1_wrapper_propImpl.xdc] and check the run log file to verify that these constraints were correctly applied.
INFO: [Project 1-236] Implementation specific constraints were found while reading constraint file [C:/Users/Usuario/Desktop/Uni/Semestre 7/SE/SE-FinalProject/FinalProyect/FinalProyect.srcs/constrs_1/new/constrains.xdc]. These constraints will be ignored for synthesis but will be used in implementation. Impacted constraints are listed in the file [.Xil/design_1_wrapper_propImpl.xdc].
Resolution: To avoid this warning, move constraints listed in [.Xil/design_1_wrapper_propImpl.xdc] to another XDC file and exclude this new file from synthesis with the used_in_synthesis property (File Properties dialog in GUI) and re-run elaboration/synthesis.
Parsing XDC File [C:/Users/Usuario/Desktop/Uni/Semestre 7/SE/SE-FinalProject/FinalProyect/FinalProyect.runs/synth_1/dont_touch.xdc]
Finished Parsing XDC File [C:/Users/Usuario/Desktop/Uni/Semestre 7/SE/SE-FinalProject/FinalProyect/FinalProyect.runs/synth_1/dont_touch.xdc]
Completed Processing XDC Constraints

Netlist sorting complete. Time (s): cpu = 00:00:00 ; elapsed = 00:00:00 . Memory (MB): peak = 1407.457 ; gain = 0.000
INFO: [Project 1-111] Unisim Transformation Summary:
No Unisim elements were transformed.

Constraint Validation Runtime : Time (s): cpu = 00:00:00 ; elapsed = 00:00:00.008 . Memory (MB): peak = 1407.457 ; gain = 0.000
WARNING: [Timing 38-316] Clock period '20.000' specified during out-of-context synthesis of instance 'design_1_i/microblaze_0_local_memory/lmb_bram' at clock pin 'clka' is different from the actual clock period '10.000', this can lead to different synthesis results.
INFO: [Designutils 20-5440] No compile time benefit to using incremental synthesis; A full resynthesis will be run
INFO: [Designutils 20-4379] Flow is switching to default flow due to incremental criteria not met. If you would like to alter this behaviour and have the flow terminate instead, please set the following parameter config_implementation {autoIncr.Synth.RejectBehavior Terminate}
---------------------------------------------------------------------------------
Finished Constraint Validation : Time (s): cpu = 00:00:22 ; elapsed = 00:00:26 . Memory (MB): peak = 1407.457 ; gain = 532.609
---------------------------------------------------------------------------------
---------------------------------------------------------------------------------
Start Loading Part and Timing Information
---------------------------------------------------------------------------------
Loading part: xc7a35tcpg236-1
---------------------------------------------------------------------------------
Finished Loading Part and Timing Information : Time (s): cpu = 00:00:22 ; elapsed = 00:00:26 . Memory (MB): peak = 1407.457 ; gain = 532.609
---------------------------------------------------------------------------------
---------------------------------------------------------------------------------
Start Applying 'set_property' XDC Constraints
---------------------------------------------------------------------------------
Applied set_property IO_BUFFER_TYPE = NONE for sys_clock. (constraint file  {c:/Users/Usuario/Desktop/Uni/Semestre 7/SE/SE-FinalProject/FinalProyect/FinalProyect.gen/sources_1/bd/design_1/ip/design_1_clk_wiz_1_0/design_1_clk_wiz_1_0/design_1_clk_wiz_1_0_in_context.xdc}, line 3).
Applied set_property CLOCK_BUFFER_TYPE = NONE for sys_clock. (constraint file  {c:/Users/Usuario/Desktop/Uni/Semestre 7/SE/SE-FinalProject/FinalProyect/FinalProyect.gen/sources_1/bd/design_1/ip/design_1_clk_wiz_1_0/design_1_clk_wiz_1_0/design_1_clk_wiz_1_0_in_context.xdc}, line 4).
Applied set_property KEEP_HIERARCHY = SOFT for design_1_i. (constraint file  auto generated constraint).
Applied set_property KEEP_HIERARCHY = SOFT for design_1_i/microblaze_0. (constraint file  auto generated constraint).
Applied set_property KEEP_HIERARCHY = SOFT for design_1_i/microblaze_0_local_memory/dlmb_v10. (constraint file  auto generated constraint).
Applied set_property KEEP_HIERARCHY = SOFT for design_1_i/microblaze_0_local_memory/ilmb_v10. (constraint file  auto generated constraint).
Applied set_property KEEP_HIERARCHY = SOFT for design_1_i/microblaze_0_local_memory/dlmb_bram_if_cntlr. (constraint file  auto generated constraint).
Applied set_property KEEP_HIERARCHY = SOFT for design_1_i/microblaze_0_local_memory/ilmb_bram_if_cntlr. (constraint file  auto generated constraint).
Applied set_property KEEP_HIERARCHY = SOFT for design_1_i/microblaze_0_local_memory/lmb_bram. (constraint file  auto generated constraint).
Applied set_property KEEP_HIERARCHY = SOFT for design_1_i/mdm_1. (constraint file  auto generated constraint).
Applied set_property KEEP_HIERARCHY = SOFT for design_1_i/clk_wiz_1. (constraint file  auto generated constraint).
Applied set_property KEEP_HIERARCHY = SOFT for design_1_i/rst_clk_wiz_1_100M. (constraint file  auto generated constraint).
Applied set_property KEEP_HIERARCHY = SOFT for design_1_i/axi_uartlite_0. (constraint file  auto generated constraint).
Applied set_property KEEP_HIERARCHY = SOFT for design_1_i/microblaze_0_axi_periph/xbar. (constraint file  auto generated constraint).
Applied set_property KEEP_HIERARCHY = SOFT for design_1_i/microblaze_0_axi_periph. (constraint file  auto generated constraint).
Applied set_property KEEP_HIERARCHY = SOFT for design_1_i/ledsrgb_0. (constraint file  auto generated constraint).
Applied set_property KEEP_HIERARCHY = SOFT for design_1_i/teclado_0. (constraint file  auto generated constraint).
Applied set_property KEEP_HIERARCHY = SOFT for design_1_i/copro_0. (constraint file  auto generated constraint).
Applied set_property KEEP_HIERARCHY = SOFT for design_1_i/altavoz_0. (constraint file  auto generated constraint).
Applied set_property KEEP_HIERARCHY = SOFT for design_1_i/matrizpuntos_0. (constraint file  auto generated constraint).
---------------------------------------------------------------------------------
Finished applying 'set_property' XDC Constraints : Time (s): cpu = 00:00:22 ; elapsed = 00:00:26 . Memory (MB): peak = 1407.457 ; gain = 532.609
---------------------------------------------------------------------------------
---------------------------------------------------------------------------------
Finished RTL Optimization Phase 2 : Time (s): cpu = 00:00:23 ; elapsed = 00:00:27 . Memory (MB): peak = 1407.457 ; gain = 532.609
---------------------------------------------------------------------------------
---------------------------------------------------------------------------------
Start RTL Component Statistics 
---------------------------------------------------------------------------------
Detailed RTL Component Info : 
---------------------------------------------------------------------------------
Finished RTL Component Statistics 
---------------------------------------------------------------------------------
---------------------------------------------------------------------------------
Start Part Resource Summary
---------------------------------------------------------------------------------
Part Resources:
DSPs: 90 (col length:60)
BRAMs: 100 (col length: RAMB18 60 RAMB36 30)
---------------------------------------------------------------------------------
Finished Part Resource Summary
---------------------------------------------------------------------------------
---------------------------------------------------------------------------------
Start Cross Boundary and Area Optimization
---------------------------------------------------------------------------------
WARNING: [Synth 8-7080] Parallel synthesis criteria is not met
WARNING: [Synth 8-7129] Port M00_ACLK in module design_1_microblaze_0_axi_periph_0 is either unconnected or has no load
WARNING: [Synth 8-7129] Port M00_ARESETN in module design_1_microblaze_0_axi_periph_0 is either unconnected or has no load
WARNING: [Synth 8-7129] Port M01_ACLK in module design_1_microblaze_0_axi_periph_0 is either unconnected or has no load
WARNING: [Synth 8-7129] Port M01_ARESETN in module design_1_microblaze_0_axi_periph_0 is either unconnected or has no load
WARNING: [Synth 8-7129] Port M02_ACLK in module design_1_microblaze_0_axi_periph_0 is either unconnected or has no load
WARNING: [Synth 8-7129] Port M02_ARESETN in module design_1_microblaze_0_axi_periph_0 is either unconnected or has no load
WARNING: [Synth 8-7129] Port M03_ACLK in module design_1_microblaze_0_axi_periph_0 is either unconnected or has no load
WARNING: [Synth 8-7129] Port M03_ARESETN in module design_1_microblaze_0_axi_periph_0 is either unconnected or has no load
WARNING: [Synth 8-7129] Port M04_ACLK in module design_1_microblaze_0_axi_periph_0 is either unconnected or has no load
WARNING: [Synth 8-7129] Port M04_ARESETN in module design_1_microblaze_0_axi_periph_0 is either unconnected or has no load
WARNING: [Synth 8-7129] Port M05_ACLK in module design_1_microblaze_0_axi_periph_0 is either unconnected or has no load
WARNING: [Synth 8-7129] Port M05_ARESETN in module design_1_microblaze_0_axi_periph_0 is either unconnected or has no load
WARNING: [Synth 8-7129] Port S00_ACLK in module design_1_microblaze_0_axi_periph_0 is either unconnected or has no load
WARNING: [Synth 8-7129] Port S00_ARESETN in module design_1_microblaze_0_axi_periph_0 is either unconnected or has no load
---------------------------------------------------------------------------------
Finished Cross Boundary and Area Optimization : Time (s): cpu = 00:00:25 ; elapsed = 00:00:30 . Memory (MB): peak = 1407.457 ; gain = 532.609
---------------------------------------------------------------------------------
---------------------------------------------------------------------------------
Start Applying XDC Timing Constraints
---------------------------------------------------------------------------------
---------------------------------------------------------------------------------
Finished Applying XDC Timing Constraints : Time (s): cpu = 00:00:33 ; elapsed = 00:00:38 . Memory (MB): peak = 1407.457 ; gain = 532.609
---------------------------------------------------------------------------------
---------------------------------------------------------------------------------
Start Timing Optimization
---------------------------------------------------------------------------------
---------------------------------------------------------------------------------
Finished Timing Optimization : Time (s): cpu = 00:00:33 ; elapsed = 00:00:38 . Memory (MB): peak = 1407.457 ; gain = 532.609
---------------------------------------------------------------------------------
---------------------------------------------------------------------------------
Start Technology Mapping
---------------------------------------------------------------------------------
---------------------------------------------------------------------------------
Finished Technology Mapping : Time (s): cpu = 00:00:33 ; elapsed = 00:00:38 . Memory (MB): peak = 1407.457 ; gain = 532.609
---------------------------------------------------------------------------------
---------------------------------------------------------------------------------
Start IO Insertion
---------------------------------------------------------------------------------
---------------------------------------------------------------------------------
Start Flattening Before IO Insertion
---------------------------------------------------------------------------------
---------------------------------------------------------------------------------
Finished Flattening Before IO Insertion
---------------------------------------------------------------------------------
---------------------------------------------------------------------------------
Start Final Netlist Cleanup
---------------------------------------------------------------------------------
---------------------------------------------------------------------------------
Finished Final Netlist Cleanup
---------------------------------------------------------------------------------
---------------------------------------------------------------------------------
Finished IO Insertion : Time (s): cpu = 00:00:40 ; elapsed = 00:00:45 . Memory (MB): peak = 1407.457 ; gain = 532.609
---------------------------------------------------------------------------------
---------------------------------------------------------------------------------
Start Renaming Generated Instances
---------------------------------------------------------------------------------
---------------------------------------------------------------------------------
Finished Renaming Generated Instances : Time (s): cpu = 00:00:40 ; elapsed = 00:00:45 . Memory (MB): peak = 1407.457 ; gain = 532.609
---------------------------------------------------------------------------------
---------------------------------------------------------------------------------
Start Rebuilding User Hierarchy
---------------------------------------------------------------------------------
---------------------------------------------------------------------------------
Finished Rebuilding User Hierarchy : Time (s): cpu = 00:00:40 ; elapsed = 00:00:45 . Memory (MB): peak = 1407.457 ; gain = 532.609
---------------------------------------------------------------------------------
---------------------------------------------------------------------------------
Start Renaming Generated Ports
---------------------------------------------------------------------------------
---------------------------------------------------------------------------------
Finished Renaming Generated Ports : Time (s): cpu = 00:00:40 ; elapsed = 00:00:45 . Memory (MB): peak = 1407.457 ; gain = 532.609
---------------------------------------------------------------------------------
---------------------------------------------------------------------------------
Start Handling Custom Attributes
---------------------------------------------------------------------------------
---------------------------------------------------------------------------------
Finished Handling Custom Attributes : Time (s): cpu = 00:00:40 ; elapsed = 00:00:45 . Memory (MB): peak = 1407.457 ; gain = 532.609
---------------------------------------------------------------------------------
---------------------------------------------------------------------------------
Start Renaming Generated Nets
---------------------------------------------------------------------------------
---------------------------------------------------------------------------------
Finished Renaming Generated Nets : Time (s): cpu = 00:00:40 ; elapsed = 00:00:45 . Memory (MB): peak = 1407.457 ; gain = 532.609
---------------------------------------------------------------------------------
---------------------------------------------------------------------------------
Start Writing Synthesis Report
---------------------------------------------------------------------------------

Report BlackBoxes: 
+------+------------------------------+----------+
|      |BlackBox name                 |Instances |
+------+------------------------------+----------+
|1     |design_1_xbar_0               |         1|
|2     |design_1_altavoz_0_0          |         1|
|3     |design_1_axi_uartlite_0_0     |         1|
|4     |design_1_clk_wiz_1_0          |         1|
|5     |design_1_copro_0_0            |         1|
|6     |design_1_ledsrgb_0_0          |         1|
|7     |design_1_matrizpuntos_0_0     |         1|
|8     |design_1_mdm_1_0              |         1|
|9     |design_1_microblaze_0_0       |         1|
|10    |design_1_rst_clk_wiz_1_100M_0 |         1|
|11    |design_1_teclado_0_0          |         1|
|12    |design_1_dlmb_bram_if_cntlr_0 |         1|
|13    |design_1_dlmb_v10_0           |         1|
|14    |design_1_ilmb_bram_if_cntlr_0 |         1|
|15    |design_1_ilmb_v10_0           |         1|
|16    |design_1_lmb_bram_0           |         1|
+------+------------------------------+----------+

Report Cell Usage: 
+------+-----------------------------------+------+
|      |Cell                               |Count |
+------+-----------------------------------+------+
|1     |design_1_altavoz_0_0_bbox          |     1|
|2     |design_1_axi_uartlite_0_0_bbox     |     1|
|3     |design_1_clk_wiz_1_0_bbox          |     1|
|4     |design_1_copro_0_0_bbox            |     1|
|5     |design_1_dlmb_bram_if_cntlr_0_bbox |     1|
|6     |design_1_dlmb_v10_0_bbox           |     1|
|7     |design_1_ilmb_bram_if_cntlr_0_bbox |     1|
|8     |design_1_ilmb_v10_0_bbox           |     1|
|9     |design_1_ledsrgb_0_0_bbox          |     1|
|10    |design_1_lmb_bram_0_bbox           |     1|
|11    |design_1_matrizpuntos_0_0_bbox     |     1|
|12    |design_1_mdm_1_0_bbox              |     1|
|13    |design_1_microblaze_0_0_bbox       |     1|
|14    |design_1_rst_clk_wiz_1_100M_0_bbox |     1|
|15    |design_1_teclado_0_0_bbox          |     1|
|16    |design_1_xbar_0_bbox               |     1|
|17    |IBUF                               |    10|
|18    |OBUF                               |    22|
+------+-----------------------------------+------+
---------------------------------------------------------------------------------
Finished Writing Synthesis Report : Time (s): cpu = 00:00:40 ; elapsed = 00:00:45 . Memory (MB): peak = 1407.457 ; gain = 532.609
---------------------------------------------------------------------------------
Synthesis finished with 0 errors, 0 critical warnings and 15 warnings.
Synthesis Optimization Runtime : Time (s): cpu = 00:00:26 ; elapsed = 00:00:41 . Memory (MB): peak = 1407.457 ; gain = 515.430
Synthesis Optimization Complete : Time (s): cpu = 00:00:40 ; elapsed = 00:00:45 . Memory (MB): peak = 1407.457 ; gain = 532.609
INFO: [Project 1-571] Translating synthesized netlist
Netlist sorting complete. Time (s): cpu = 00:00:00 ; elapsed = 00:00:00.037 . Memory (MB): peak = 1417.949 ; gain = 0.000
INFO: [Project 1-570] Preparing netlist for logic optimization
INFO: [Opt 31-138] Pushed 0 inverter(s) to 0 load pin(s).
Netlist sorting complete. Time (s): cpu = 00:00:00 ; elapsed = 00:00:00 . Memory (MB): peak = 1421.590 ; gain = 0.000
INFO: [Project 1-111] Unisim Transformation Summary:
No Unisim elements were transformed.

Synth Design complete | Checksum: 7bd761a5
INFO: [Common 17-83] Releasing license: Synthesis
81 Infos, 62 Warnings, 0 Critical Warnings and 0 Errors encountered.
synth_design completed successfully
INFO: [Common 17-600] The following parameters have non-default value.
tcl.statsThreshold
INFO: [Common 17-1381] The checkpoint 'C:/Users/Usuario/Desktop/Uni/Semestre 7/SE/SE-FinalProject/FinalProyect/FinalProyect.runs/synth_1/design_1_wrapper.dcp' has been generated.
INFO: [runtcl-4] Executing : report_utilization -file design_1_wrapper_utilization_synth.rpt -pb design_1_wrapper_utilization_synth.pb
INFO: [Common 17-206] Exiting Vivado at Sun Jan 18 11:09:50 2026...
